TN:
SF:src/modules/appointments/services/CreateAppointmentService.ts
FN:43,__decorate
FN:43,__metadata
FN:43,__param
FN:43,__awaiter
FN:43,adopt
FN:43,fulfilled
FN:43,rejected
FN:43,step
FN:43,__generator
FN:43,sent
FN:43,Symbol.function.g.(anonymous function)
FN:43,verb
FN:43,step
FN:43,__importDefault
FN:16,CreateAppointmentSerivce
FN:21,CreateAppointmentSerivce.execute
FNF:16
FNH:14
FNDA:1,__decorate
FNDA:1,__metadata
FNDA:1,__param
FNDA:3,__awaiter
FNDA:5,adopt
FNDA:5,fulfilled
FNDA:0,rejected
FNDA:7,step
FNDA:3,__generator
FNDA:5,sent
FNDA:0,Symbol.function.g.(anonymous function)
FNDA:9,verb
FNDA:8,step
FNDA:1,__importDefault
FNDA:2,CreateAppointmentSerivce
FNDA:3,CreateAppointmentSerivce.execute
DA:1,1
DA:2,1
DA:3,1
DA:4,1
DA:5,1
DA:6,1
DA:7,1
DA:8,1
DA:9,1
DA:10,1
DA:11,1
DA:12,1
DA:13,1
DA:14,1
DA:15,1
DA:16,1
DA:17,2
DA:18,2
DA:19,2
DA:20,1
DA:21,1
DA:22,3
DA:23,3
DA:24,3
DA:25,3
DA:26,3
DA:27,3
DA:28,3
DA:29,1
DA:30,1
DA:31,2
DA:32,2
DA:33,2
DA:34,2
DA:35,2
DA:36,3
DA:37,3
DA:38,3
DA:39,3
DA:40,3
DA:41,1
DA:42,1
DA:43,1
LF:43
LH:43
BRDA:43,0,0,1
BRDA:43,1,0,1
BRDA:43,2,0,0
BRDA:43,3,0,0
BRDA:43,4,0,0
BRDA:43,5,0,0
BRDA:43,6,0,1
BRDA:43,7,0,1
BRDA:43,8,0,1
BRDA:43,9,0,3
BRDA:43,10,0,5
BRDA:43,11,0,0
BRDA:43,12,0,3
BRDA:43,13,0,5
BRDA:43,14,0,4
BRDA:43,15,0,1
BRDA:43,16,0,7
BRDA:43,17,0,2
BRDA:43,18,0,5
BRDA:43,19,0,3
BRDA:43,20,0,5
BRDA:43,21,0,0
BRDA:43,22,0,9
BRDA:43,23,0,8
BRDA:43,24,0,8
BRDA:43,25,0,0
BRDA:43,26,0,16
BRDA:43,27,0,0
BRDA:43,28,0,0
BRDA:43,29,0,0
BRDA:43,30,0,0
BRDA:43,31,0,8
BRDA:43,32,0,8
BRDA:43,33,0,0
BRDA:43,34,0,5
BRDA:43,35,0,0
BRDA:43,36,0,3
BRDA:43,37,0,0
BRDA:43,38,0,2
BRDA:43,39,0,0
BRDA:43,40,0,0
BRDA:43,41,0,0
BRDA:43,42,0,0
BRDA:43,43,0,0
BRDA:43,44,0,8
BRDA:43,45,0,7
BRDA:43,46,0,1
BRDA:43,47,0,8
BRDA:43,48,0,3
BRDA:43,49,0,1
BRDA:43,50,0,2
BRDA:43,51,0,0
BRDA:43,52,0,1
BRDA:43,53,0,0
BRDA:15,54,0,1
BRDA:16,55,0,2
BRDA:21,56,0,3
BRDA:43,57,0,3
BRDA:43,58,0,8
BRDA:43,59,0,3
BRDA:43,60,0,0
BRDA:43,61,0,3
BRDA:28,62,0,1
BRDA:30,63,0,2
BRDA:43,64,0,0
BRDA:43,65,0,2
BRDA:43,66,0,0
BRF:67
BRH:43
end_of_record
TN:
SF:src/modules/users/services/CreateUserService.ts
FN:40,__decorate
FN:40,__metadata
FN:40,__param
FN:40,__awaiter
FN:40,adopt
FN:40,fulfilled
FN:40,rejected
FN:40,step
FN:40,__generator
FN:40,sent
FN:40,Symbol.function.g.(anonymous function)
FN:40,verb
FN:40,step
FN:40,__importDefault
FN:16,CreateUserService
FN:21,CreateUserService.execute
FNF:16
FNH:14
FNDA:2,__decorate
FNDA:2,__metadata
FNDA:2,__param
FNDA:4,__awaiter
FNDA:10,adopt
FNDA:10,fulfilled
FNDA:0,rejected
FNDA:13,step
FNDA:4,__generator
FNDA:10,sent
FNDA:0,Symbol.function.g.(anonymous function)
FNDA:12,verb
FNDA:14,step
FNDA:2,__importDefault
FNDA:3,CreateUserService
FNDA:4,CreateUserService.execute
DA:1,1
DA:2,1
DA:3,1
DA:4,1
DA:5,1
DA:6,1
DA:7,1
DA:8,1
DA:9,1
DA:10,1
DA:11,1
DA:12,1
DA:13,1
DA:14,1
DA:15,2
DA:16,2
DA:17,3
DA:18,3
DA:19,3
DA:20,2
DA:21,2
DA:22,4
DA:23,4
DA:24,4
DA:25,1
DA:26,1
DA:27,3
DA:28,3
DA:29,4
DA:30,4
DA:31,4
DA:32,4
DA:33,4
DA:34,4
DA:35,4
DA:36,4
DA:37,4
DA:38,2
DA:39,1
DA:40,1
LF:40
LH:40
BRDA:40,0,0,2
BRDA:40,1,0,2
BRDA:40,2,0,0
BRDA:40,3,0,0
BRDA:40,4,0,0
BRDA:40,5,0,0
BRDA:40,6,0,2
BRDA:40,7,0,2
BRDA:40,8,0,2
BRDA:40,9,0,4
BRDA:40,10,0,10
BRDA:40,11,0,0
BRDA:40,12,0,4
BRDA:40,13,0,10
BRDA:40,14,0,9
BRDA:40,15,0,1
BRDA:40,16,0,13
BRDA:40,17,0,3
BRDA:40,18,0,10
BRDA:40,19,0,4
BRDA:40,20,0,10
BRDA:40,21,0,0
BRDA:40,22,0,12
BRDA:40,23,0,14
BRDA:40,24,0,14
BRDA:40,25,0,0
BRDA:40,26,0,28
BRDA:40,27,0,0
BRDA:40,28,0,0
BRDA:40,29,0,0
BRDA:40,30,0,0
BRDA:40,31,0,14
BRDA:40,32,0,14
BRDA:40,33,0,0
BRDA:40,34,0,10
BRDA:40,35,0,0
BRDA:40,36,0,4
BRDA:40,37,0,0
BRDA:40,38,0,3
BRDA:40,39,0,0
BRDA:40,40,0,0
BRDA:40,41,0,0
BRDA:40,42,0,0
BRDA:40,43,0,0
BRDA:40,44,0,24
BRDA:40,45,0,14
BRDA:40,46,0,13
BRDA:40,47,0,1
BRDA:40,48,0,14
BRDA:40,49,0,4
BRDA:40,50,0,1
BRDA:40,51,0,3
BRDA:40,52,0,0
BRDA:40,53,0,2
BRDA:40,54,0,0
BRDA:15,55,0,2
BRDA:16,56,0,3
BRDA:21,57,0,4
BRDA:40,58,0,4
BRDA:40,59,0,14
BRDA:22,60,0,4
BRDA:40,61,0,0
BRDA:40,62,0,4
BRDA:24,63,0,1
BRDA:26,64,0,3
BRDA:40,65,0,0
BRDA:40,66,0,3
BRDA:40,67,0,0
BRDA:40,68,0,3
BRDA:40,69,0,0
BRF:70
BRH:45
end_of_record
TN:
SF:src/modules/users/services/SessionsUserService.ts
FN:54,__decorate
FN:54,__metadata
FN:54,__param
FN:54,__awaiter
FN:54,adopt
FN:54,fulfilled
FN:54,rejected
FN:54,step
FN:54,__generator
FN:54,sent
FN:54,Symbol.function.g.(anonymous function)
FN:54,verb
FN:54,step
FN:54,__importDefault
FN:22,SessionUserService
FN:27,SessionUserService.execute
FNF:16
FNH:14
FNDA:1,__decorate
FNDA:1,__metadata
FNDA:1,__param
FNDA:1,__awaiter
FNDA:2,adopt
FNDA:2,fulfilled
FNDA:0,rejected
FNDA:3,step
FNDA:1,__generator
FNDA:2,sent
FNDA:0,Symbol.function.g.(anonymous function)
FNDA:3,verb
FNDA:3,step
FNDA:2,__importDefault
FNDA:1,SessionUserService
FNDA:1,SessionUserService.execute
DA:1,1
DA:2,1
DA:3,1
DA:4,1
DA:5,1
DA:6,1
DA:7,1
DA:8,1
DA:9,1
DA:10,1
DA:11,1
DA:12,1
DA:13,1
DA:14,1
DA:15,1
DA:16,1
DA:17,1
DA:18,1
DA:19,1
DA:20,1
DA:21,1
DA:22,1
DA:23,1
DA:24,1
DA:25,1
DA:26,1
DA:27,1
DA:28,1
DA:29,1
DA:30,1
DA:31,0
DA:32,0
DA:33,1
DA:34,1
DA:35,1
DA:36,1
DA:37,0
DA:38,0
DA:39,1
DA:40,1
DA:41,1
DA:42,1
DA:43,1
DA:44,1
DA:45,1
DA:46,1
DA:47,1
DA:48,1
DA:49,1
DA:50,1
DA:51,1
DA:52,1
DA:53,1
DA:54,1
LF:54
LH:50
BRDA:54,0,0,1
BRDA:54,1,0,1
BRDA:54,2,0,0
BRDA:54,3,0,0
BRDA:54,4,0,0
BRDA:54,5,0,0
BRDA:54,6,0,1
BRDA:54,7,0,1
BRDA:54,8,0,1
BRDA:54,9,0,1
BRDA:54,10,0,2
BRDA:54,11,0,0
BRDA:54,12,0,1
BRDA:54,13,0,2
BRDA:54,14,0,0
BRDA:54,15,0,3
BRDA:54,16,0,1
BRDA:54,17,0,2
BRDA:54,18,0,1
BRDA:54,19,0,2
BRDA:54,20,0,0
BRDA:54,21,0,3
BRDA:54,22,0,3
BRDA:54,23,0,3
BRDA:54,24,0,0
BRDA:54,25,0,6
BRDA:54,26,0,0
BRDA:54,27,0,0
BRDA:54,28,0,0
BRDA:54,29,0,0
BRDA:54,30,0,3
BRDA:54,31,0,3
BRDA:54,32,0,0
BRDA:54,33,0,2
BRDA:54,34,0,0
BRDA:54,35,0,1
BRDA:54,36,0,0
BRDA:54,37,0,0
BRDA:54,38,0,0
BRDA:54,39,0,0
BRDA:54,40,0,0
BRDA:54,41,0,0
BRDA:54,42,0,3
BRDA:54,43,0,0
BRDA:54,44,0,3
BRDA:54,45,0,1
BRDA:54,46,0,0
BRDA:54,47,0,1
BRDA:54,48,0,0
BRDA:54,49,0,2
BRDA:54,50,0,0
BRDA:21,51,0,1
BRDA:22,52,0,1
BRDA:27,53,0,1
BRDA:54,54,0,1
BRDA:54,55,0,3
BRDA:28,56,0,1
BRDA:54,57,0,0
BRDA:54,58,0,1
BRDA:30,59,0,0
BRDA:54,60,0,0
BRDA:54,61,0,1
BRDA:36,62,0,0
BRDA:54,63,0,0
BRF:64
BRH:35
end_of_record
TN:
SF:src/modules/users/services/UpdateUserAvatarService.ts
FN:1,(empty-report)
FNF:1
FNH:0
FNDA:0,(empty-report)
DA:1,0
DA:2,0
DA:3,0
DA:4,0
DA:5,0
DA:6,0
DA:7,0
DA:8,0
DA:9,0
DA:10,0
DA:11,0
DA:12,0
DA:13,0
DA:14,0
DA:15,0
DA:16,0
DA:17,0
DA:18,0
DA:19,0
DA:20,0
DA:21,0
DA:22,0
DA:23,0
DA:24,0
DA:25,0
DA:26,0
DA:27,0
DA:28,0
DA:29,0
DA:30,0
DA:31,0
DA:32,0
DA:33,0
DA:34,0
DA:35,0
DA:36,0
DA:37,0
DA:38,0
DA:39,0
DA:40,0
DA:41,0
DA:42,0
DA:43,0
DA:44,0
DA:45,0
DA:46,0
DA:47,0
DA:48,0
DA:49,0
LF:49
LH:0
BRDA:1,0,0,0
BRF:1
BRH:0
end_of_record
